为啥pc值为0x6561616c，而不是0x6561616d。

原因：ARM 架构下的指令需要对齐到 4 字节边界，即指令地址应当是 4 的倍数。如果 pc 寄存器存储的地址不是 4 的倍数，则会自动将其向下调整到最近的 4 的倍数。
```
pwndbg> n 1
0x0002ed18 in R7WebsSecurityHandler ()
Unknown register type: None
LEGEND: STACK | HEAP | CODE | DATA | RWX | RODATA
─────────────[ REGISTERS / show-flags off / show-compact-regs off ]─────────────
 R0   0x0
 R1   0x3fe54268 (__malloc_lock) ◂— andeq r0, r0, r0
 R2   0x0
 R3   0x0
 R4   0xd23ac —▸ 0xd226c ◂— 1
 R5   0xed410 ◂— strbtvs r6, [pc], -pc, lsr #14 /* 0x666f672f; '/goform/xxx' */
 R6   0x1
 R7   0x40800774 ◂— strbtvc r6, [r8], #-0x474 /* 0x74686474; 'tdhttpd' */
 R8   0xd938 (_init) ◂— mov ip, sp
 R9   0x2cea8 ◂— push {r4, fp, lr}
 R10  0x408005b8 ◂— 0
 R11  0x407ffb6c ◂— strbvs r6, [r1, #-0x16d]! /* 0x6561616d; 'maae' */
 R12  0x3ff60edc (__pthread_unlock@got.plt) —▸ 0x3ff56a50 (__pthread_unlock) ◂— mov r3, r0
*SP   0x407ffb5c ◂— strbvs r6, [r1, #-0x169]! /* 0x65616169; 'iaaejaaekaaelaaemaae' */
*PC   0x2ed18 (R7WebsSecurityHandler+5428) ◂— pop {r4, r5, r6, fp, pc}
───────────────────────[ DISASM / arm / set emulate on ]────────────────────────
   0x2ed10 <R7WebsSecurityHandler+5420>    mov    r0, r3
   0x2ed14 <R7WebsSecurityHandler+5424>    sub    sp, fp, #0x10
 ► 0x2ed18 <R7WebsSecurityHandler+5428>    pop    {r4, r5, r6, fp, pc}          <R7WebsSecurityHandler+5428>
   0x2ed1c                                 str    fp, [sp, #-4]!
   0x2ed20                                 add    fp, sp, #0
   0x2ed24                                 sub    sp, sp, #0xc
   0x2ed28                                 str    r0, [fp, #-8]
   0x2ed2c                                 str    r1, [fp, #-0xc]
   0x2ed30                                 add    sp, fp, #0
   0x2ed34                                 ldm    sp!, {fp}
   0x2ed38                                 bx     lr
───────────────────────────────────[ STACK ]────────────────────────────────────
00:0000│ sp  0x407ffb5c ◂— strbvs r6, [r1, #-0x169]! /* 0x65616169; 'iaaejaaekaaelaaemaae' */
01:0004│     0x407ffb60 ◂— strbvs r6, [r1, #-0x16a]! /* 0x6561616a; 'jaaekaaelaaemaae' */
02:0008│     0x407ffb64 ◂— strbvs r6, [r1, #-0x16b]! /* 0x6561616b; 'kaaelaaemaae' */
03:000c│     0x407ffb68 ◂— strbvs r6, [r1, #-0x16c]! /* 0x6561616c; 'laaemaae' */
04:0010│ r11 0x407ffb6c ◂— strbvs r6, [r1, #-0x16d]! /* 0x6561616d; 'maae' */
05:0014│     0x407ffb70 —▸ 0xed400 ◂— 0
06:0018│     0x407ffb74 —▸ 0xf09a8 ◂— strbtvs r6, [pc], -pc, lsr #14 /* 0x666f672f; '/goform/xxx' */
07:001c│     0x407ffb78 —▸ 0xf0978 ◂— 0
─────────────────────────────────[ BACKTRACE ]──────────────────────────────────
 ► 0  0x2ed18 R7WebsSecurityHandler+5428
────────────────────────────────────────────────────────────────────────────────
pwndbg> n 1
0x6561616c in ?? ()
Unknown register type: None
LEGEND: STACK | HEAP | CODE | DATA | RWX | RODATA
─────────────[ REGISTERS / show-flags off / show-compact-regs off ]─────────────
 R0   0x0
 R1   0x3fe54268 (__malloc_lock) ◂— movs r0, r0
 R2   0x0
 R3   0x0
*R4   0x65616169 ('iaae')
*R5   0x6561616a ('jaae')
*R6   0x6561616b ('kaae')
 R7   0x40800774 ◂— str r4, [r6, #0x44] /* 0x74686474; 'tdhttpd' */
 R8   0xd938 (_init) ◂— stm r0!, {r0, r2, r3}
 R9   0x2cea8 ◂— ldr r0, [pc, #0x40]
 R10  0x408005b8 ◂— 0
*R11  0x6561616c ('laae')
 R12  0x3ff60edc (__pthread_unlock@got.plt) —▸ 0x3ff56a50 (__pthread_unlock) ◂— adds r0, #0
*SP   0x407ffb70 —▸ 0xed400 ◂— 0
*PC   0x6561616c ('laae')
───────────────────────[ DISASM / arm / set emulate on ]────────────────────────
Invalid address 0x6561616c










───────────────────────────────────[ STACK ]────────────────────────────────────
00:0000│ sp 0x407ffb70 —▸ 0xed400 ◂— 0
01:0004│    0x407ffb74 —▸ 0xf09a8 ◂— str r7, [r5, #0x70] /* 0x666f672f; '/goform/xxx' */
02:0008│    0x407ffb78 —▸ 0xf0978 ◂— 0
03:000c│    0x407ffb7c —▸ 0xf0c10 ◂— 0
04:0010│    0x407ffb80 —▸ 0x408003c0 ◂— 0
05:0014│    0x407ffb84 —▸ 0xef5f0 ◂— 0
06:0018│    0x407ffb88 ◂— 0
07:001c│    0x407ffb8c —▸ 0xe90f8 —▸ 0x2d7e4 (R7WebsSecurityHandler) ◂— ldr r0, [pc, #0x1c0]
─────────────────────────────────[ BACKTRACE ]──────────────────────────────────
 ► 0 0x6561616c
   1 0x3ff54764 pthread_mutex_unlock+104
────────────────────────────────────────────────────────────────────────────────
```